<?xml version="1.0" encoding="UTF-8"?>
<testng-results skipped="0" failed="0" ignored="0" total="1" passed="1">
  <reporter-output>
  </reporter-output>
  <suite name="Default suite" duration-ms="5887" started-at="2020-09-20T09:22:49Z" finished-at="2020-09-20T09:22:55Z">
    <groups>
    </groups>
    <test name="Default test" duration-ms="5887" started-at="2020-09-20T09:22:49Z" finished-at="2020-09-20T09:22:55Z">
      <class name="org.base.LibGlobal">
        <test-method status="PASS" signature="ieDriver()[pri:0, instance:org.base.LibGlobal@f5e5e3]" name="ieDriver" duration-ms="5789" started-at="2020-09-20T09:22:49Z" finished-at="2020-09-20T09:22:55Z">
          <reporter-output>
          </reporter-output>
        </test-method> <!-- ieDriver -->
      </class> <!-- org.base.LibGlobal -->
    </test> <!-- Default test -->
  </suite> <!-- Default suite -->
</testng-results>
